# JRE version: Java(TM) SE Runtime Environment (8.0_201-b09) (build 1.8.0_201-b09)
# Java VM: Java HotSpot(TM) 64-Bit Server VM (25.201-b09 mixed mode windows-amd64 compressed oops)
Heap:
 PSYoungGen      total 273408K, used 24028K [0x000000076be00000, 0x0000000783c00000, 0x00000007c0000000)
  eden space 248832K, 2% used [0x000000076be00000,0x000000076c2e3420,0x000000077b100000)
  from space 24576K, 77% used [0x000000077cb00000,0x000000077dd93d58,0x000000077e300000)
  to   space 26624K, 0% used [0x000000077b100000,0x000000077b100000,0x000000077cb00000)
 ParOldGen       total 93696K, used 67243K [0x00000006c3a00000, 0x00000006c9580000, 0x000000076be00000)
  object space 93696K, 71% used [0x00000006c3a00000,0x00000006c7baac20,0x00000006c9580000)
 Metaspace       used 33377K, capacity 34714K, committed 34816K, reserved 1079296K
  class space    used 3799K, capacity 4072K, committed 4096K, reserved 1048576K
GC Heap History (10 events):
Event: 6.046 GC heap before
{Heap before GC invocations=9 (full 1):
 PSYoungGen      total 124928K, used 124921K [0x000000076be00000, 0x000000077a100000, 0x00000007c0000000)
  eden space 111104K, 100% used [0x000000076be00000,0x0000000772a80000,0x0000000772a80000)
  from space 13824K, 99% used [0x0000000772a80000,0x00000007737fe660,0x0000000773800000)
  to   space 25088K, 0% used [0x0000000778880000,0x0000000778880000,0x000000077a100000)
 ParOldGen       total 93696K, used 31965K [0x00000006c3a00000, 0x00000006c9580000, 0x000000076be00000)
  object space 93696K, 34% used [0x00000006c3a00000,0x00000006c5937718,0x00000006c9580000)
 Metaspace       used 29625K, capacity 30810K, committed 30976K, reserved 1077248K
  class space    used 3452K, capacity 3748K, committed 3840K, reserved 1048576K
Event: 6.056 GC heap after
Heap after GC invocations=9 (full 1):
 PSYoungGen      total 201216K, used 17609K [0x000000076be00000, 0x0000000779e80000, 0x00000007c0000000)
  eden space 178688K, 0% used [0x000000076be00000,0x000000076be00000,0x0000000776c80000)
  from space 22528K, 78% used [0x0000000778880000,0x00000007799b2710,0x0000000779e80000)
  to   space 25600K, 0% used [0x0000000776c80000,0x0000000776c80000,0x0000000778580000)
 ParOldGen       total 93696K, used 31973K [0x00000006c3a00000, 0x00000006c9580000, 0x000000076be00000)
  object space 93696K, 34% used [0x00000006c3a00000,0x00000006c5939718,0x00000006c9580000)
 Metaspace       used 29625K, capacity 30810K, committed 30976K, reserved 1077248K
  class space    used 3452K, capacity 3748K, committed 3840K, reserved 1048576K
}
Event: 6.253 GC heap before
{Heap before GC invocations=10 (full 1):
 PSYoungGen      total 201216K, used 196297K [0x000000076be00000, 0x0000000779e80000, 0x00000007c0000000)
  eden space 178688K, 100% used [0x000000076be00000,0x0000000776c80000,0x0000000776c80000)
  from space 22528K, 78% used [0x0000000778880000,0x00000007799b2710,0x0000000779e80000)
  to   space 25600K, 0% used [0x0000000776c80000,0x0000000776c80000,0x0000000778580000)
 ParOldGen       total 93696K, used 31973K [0x00000006c3a00000, 0x00000006c9580000, 0x000000076be00000)
  object space 93696K, 34% used [0x00000006c3a00000,0x00000006c5939718,0x00000006c9580000)
 Metaspace       used 29899K, capacity 31232K, committed 31488K, reserved 1077248K
  class space    used 3476K, capacity 3765K, committed 3840K, reserved 1048576K
Event: 6.266 GC heap after
Heap after GC invocations=10 (full 1):
 PSYoungGen      total 204288K, used 12508K [0x000000076be00000, 0x000000077e300000, 0x00000007c0000000)
  eden space 178688K, 0% used [0x000000076be00000,0x000000076be00000,0x0000000776c80000)
  from space 25600K, 48% used [0x0000000776c80000,0x00000007778b7018,0x0000000778580000)
  to   space 24576K, 0% used [0x000000077cb00000,0x000000077cb00000,0x000000077e300000)
 ParOldGen       total 93696K, used 37015K [0x00000006c3a00000, 0x00000006c9580000, 0x000000076be00000)
  object space 93696K, 39% used [0x00000006c3a00000,0x00000006c5e25dc8,0x00000006c9580000)
 Metaspace       used 29899K, capacity 31232K, committed 31488K, reserved 1077248K
  class space    used 3476K, capacity 3765K, committed 3840K, reserved 1048576K
}
Event: 6.396 GC heap before
{Heap before GC invocations=11 (full 1):
 PSYoungGen      total 204288K, used 191196K [0x000000076be00000, 0x000000077e300000, 0x00000007c0000000)
  eden space 178688K, 100% used [0x000000076be00000,0x0000000776c80000,0x0000000776c80000)
  from space 25600K, 48% used [0x0000000776c80000,0x00000007778b7018,0x0000000778580000)
  to   space 24576K, 0% used [0x000000077cb00000,0x000000077cb00000,0x000000077e300000)
 ParOldGen       total 93696K, used 37015K [0x00000006c3a00000, 0x00000006c9580000, 0x000000076be00000)
  object space 93696K, 39% used [0x00000006c3a00000,0x00000006c5e25dc8,0x00000006c9580000)
 Metaspace       used 29968K, capacity 31232K, committed 31488K, reserved 1077248K
  class space    used 3476K, capacity 3765K, committed 3840K, reserved 1048576K
Event: 6.404 GC heap after
Heap after GC invocations=11 (full 1):
 PSYoungGen      total 274432K, used 2912K [0x000000076be00000, 0x000000077e780000, 0x00000007c0000000)
  eden space 249856K, 0% used [0x000000076be00000,0x000000076be00000,0x000000077b200000)
  from space 24576K, 11% used [0x000000077cb00000,0x000000077cdd8090,0x000000077e300000)
  to   space 25600K, 0% used [0x000000077b200000,0x000000077b200000,0x000000077cb00000)
 ParOldGen       total 93696K, used 47903K [0x00000006c3a00000, 0x00000006c9580000, 0x000000076be00000)
  object space 93696K, 51% used [0x00000006c3a00000,0x00000006c68c7c70,0x00000006c9580000)
 Metaspace       used 29968K, capacity 31232K, committed 31488K, reserved 1077248K
  class space    used 3476K, capacity 3765K, committed 3840K, reserved 1048576K
}
Event: 7.832 GC heap before
{Heap before GC invocations=12 (full 1):
 PSYoungGen      total 274432K, used 252768K [0x000000076be00000, 0x000000077e780000, 0x00000007c0000000)
  eden space 249856K, 100% used [0x000000076be00000,0x000000077b200000,0x000000077b200000)
  from space 24576K, 11% used [0x000000077cb00000,0x000000077cdd8090,0x000000077e300000)
  to   space 25600K, 0% used [0x000000077b200000,0x000000077b200000,0x000000077cb00000)
 ParOldGen       total 93696K, used 47903K [0x00000006c3a00000, 0x00000006c9580000, 0x000000076be00000)
  object space 93696K, 51% used [0x00000006c3a00000,0x00000006c68c7c70,0x00000006c9580000)
 Metaspace       used 30158K, capacity 31438K, committed 31744K, reserved 1077248K
  class space    used 3482K, capacity 3769K, committed 3840K, reserved 1048576K
Event: 9.090 GC heap after
Heap after GC invocations=12 (full 1):
 PSYoungGen      total 275456K, used 16820K [0x000000076be00000, 0x000000077e780000, 0x00000007c0000000)
  eden space 249856K, 0% used [0x000000076be00000,0x000000076be00000,0x000000077b200000)
  from space 25600K, 65% used [0x000000077b200000,0x000000077c26d080,0x000000077cb00000)
  to   space 24576K, 0% used [0x000000077cb00000,0x000000077cb00000,0x000000077e300000)
 ParOldGen       total 93696K, used 50527K [0x00000006c3a00000, 0x00000006c9580000, 0x000000076be00000)
  object space 93696K, 53% used [0x00000006c3a00000,0x00000006c6b57de0,0x00000006c9580000)
 Metaspace       used 30158K, capacity 31438K, committed 31744K, reserved 1077248K
  class space    used 3482K, capacity 3769K, committed 3840K, reserved 1048576K
}
Event: 11.780 GC heap before
{Heap before GC invocations=13 (full 1):
 PSYoungGen      total 275456K, used 266676K [0x000000076be00000, 0x000000077e780000, 0x00000007c0000000)
  eden space 249856K, 100% used [0x000000076be00000,0x000000077b200000,0x000000077b200000)
  from space 25600K, 65% used [0x000000077b200000,0x000000077c26d080,0x000000077cb00000)
  to   space 24576K, 0% used [0x000000077cb00000,0x000000077cb00000,0x000000077e300000)
 ParOldGen       total 93696K, used 50527K [0x00000006c3a00000, 0x00000006c9580000, 0x000000076be00000)
  object space 93696K, 53% used [0x00000006c3a00000,0x00000006c6b57de0,0x00000006c9580000)
 Metaspace       used 33360K, capacity 34714K, committed 34816K, reserved 1079296K
  class space    used 3799K, capacity 4072K, committed 4096K, reserved 1048576K
Event: 11.799 GC heap after
Heap after GC invocations=13 (full 1):
 PSYoungGen      total 273408K, used 19023K [0x000000076be00000, 0x0000000783c00000, 0x00000007c0000000)
  eden space 248832K, 0% used [0x000000076be00000,0x000000076be00000,0x000000077b100000)
  from space 24576K, 77% used [0x000000077cb00000,0x000000077dd93d58,0x000000077e300000)
  to   space 26624K, 0% used [0x000000077b100000,0x000000077b100000,0x000000077cb00000)
 ParOldGen       total 93696K, used 67243K [0x00000006c3a00000, 0x00000006c9580000, 0x000000076be00000)
  object space 93696K, 71% used [0x00000006c3a00000,0x00000006c7baac20,0x00000006c9580000)
 Metaspace       used 33360K, capacity 34714K, committed 34816K, reserved 1079296K
  class space    used 3799K, capacity 4072K, committed 4096K, reserved 1048576K
}

