# JRE version: Java(TM) SE Runtime Environment (8.0_201-b09) (build 1.8.0_201-b09)
# Java VM: Java HotSpot(TM) 64-Bit Server VM (25.201-b09 mixed mode windows-amd64 compressed oops)
Heap:
 PSYoungGen      total 323584K, used 25109K [0x000000076be00000, 0x0000000781980000, 0x00000007c0000000)
  eden space 292352K, 8% used [0x000000076be00000,0x000000076d685668,0x000000077db80000)
  from space 31232K, 0% used [0x000000077db80000,0x000000077db80000,0x000000077fa00000)
  to   space 24064K, 0% used [0x000000077fa00000,0x000000077fa00000,0x0000000781180000)
 ParOldGen       total 165888K, used 40417K [0x00000006c3a00000, 0x00000006cdc00000, 0x000000076be00000)
  object space 165888K, 24% used [0x00000006c3a00000,0x00000006c6178608,0x00000006cdc00000)
 Metaspace       used 31392K, capacity 32752K, committed 35456K, reserved 1081344K
  class space    used 3560K, capacity 3862K, committed 4224K, reserved 1048576K
GC Heap History (10 events):
Event: 8.733 GC heap before
{Heap before GC invocations=9 (full 1):
 PSYoungGen      total 246784K, used 236930K [0x000000076be00000, 0x000000077d080000, 0x00000007c0000000)
  eden space 220160K, 100% used [0x000000076be00000,0x0000000779500000,0x0000000779500000)
  from space 26624K, 62% used [0x0000000779500000,0x000000077a560a68,0x000000077af00000)
  to   space 13312K, 0% used [0x000000077af00000,0x000000077af00000,0x000000077bc00000)
 ParOldGen       total 90624K, used 33888K [0x00000006c3a00000, 0x00000006c9280000, 0x000000076be00000)
  object space 90624K, 37% used [0x00000006c3a00000,0x00000006c5b18390,0x00000006c9280000)
 Metaspace       used 29966K, capacity 31238K, committed 31488K, reserved 1077248K
  class space    used 3473K, capacity 3766K, committed 3840K, reserved 1048576K
Event: 10.759 GC heap after
Heap after GC invocations=9 (full 1):
 PSYoungGen      total 233472K, used 13300K [0x000000076be00000, 0x000000077d080000, 0x00000007c0000000)
  eden space 220160K, 0% used [0x000000076be00000,0x000000076be00000,0x0000000779500000)
  from space 13312K, 99% used [0x000000077af00000,0x000000077bbfd3d8,0x000000077bc00000)
  to   space 26624K, 0% used [0x0000000779500000,0x0000000779500000,0x000000077af00000)
 ParOldGen       total 90624K, used 37348K [0x00000006c3a00000, 0x00000006c9280000, 0x000000076be00000)
  object space 90624K, 41% used [0x00000006c3a00000,0x00000006c5e790a8,0x00000006c9280000)
 Metaspace       used 29966K, capacity 31238K, committed 31488K, reserved 1077248K
  class space    used 3473K, capacity 3766K, committed 3840K, reserved 1048576K
}
Event: 11.874 GC heap before
{Heap before GC invocations=10 (full 1):
 PSYoungGen      total 233472K, used 233460K [0x000000076be00000, 0x000000077d080000, 0x00000007c0000000)
  eden space 220160K, 100% used [0x000000076be00000,0x0000000779500000,0x0000000779500000)
  from space 13312K, 99% used [0x000000077af00000,0x000000077bbfd3d8,0x000000077bc00000)
  to   space 26624K, 0% used [0x0000000779500000,0x0000000779500000,0x000000077af00000)
 ParOldGen       total 90624K, used 37348K [0x00000006c3a00000, 0x00000006c9280000, 0x000000076be00000)
  object space 90624K, 41% used [0x00000006c3a00000,0x00000006c5e790a8,0x00000006c9280000)
 Metaspace       used 30141K, capacity 31438K, committed 31744K, reserved 1077248K
  class space    used 3481K, capacity 3769K, committed 3840K, reserved 1048576K
Event: 11.891 GC heap after
Heap after GC invocations=10 (full 1):
 PSYoungGen      total 246784K, used 15164K [0x000000076be00000, 0x0000000781180000, 0x00000007c0000000)
  eden space 220160K, 0% used [0x000000076be00000,0x000000076be00000,0x0000000779500000)
  from space 26624K, 56% used [0x0000000779500000,0x000000077a3cf2a8,0x000000077af00000)
  to   space 24064K, 0% used [0x000000077fa00000,0x000000077fa00000,0x0000000781180000)
 ParOldGen       total 90624K, used 48225K [0x00000006c3a00000, 0x00000006c9280000, 0x000000076be00000)
  object space 90624K, 53% used [0x00000006c3a00000,0x00000006c6918510,0x00000006c9280000)
 Metaspace       used 30141K, capacity 31438K, committed 31744K, reserved 1077248K
  class space    used 3481K, capacity 3769K, committed 3840K, reserved 1048576K
}
Event: 13.949 GC heap before
{Heap before GC invocations=11 (full 1):
 PSYoungGen      total 246784K, used 235324K [0x000000076be00000, 0x0000000781180000, 0x00000007c0000000)
  eden space 220160K, 100% used [0x000000076be00000,0x0000000779500000,0x0000000779500000)
  from space 26624K, 56% used [0x0000000779500000,0x000000077a3cf2a8,0x000000077af00000)
  to   space 24064K, 0% used [0x000000077fa00000,0x000000077fa00000,0x0000000781180000)
 ParOldGen       total 90624K, used 48225K [0x00000006c3a00000, 0x00000006c9280000, 0x000000076be00000)
  object space 90624K, 53% used [0x00000006c3a00000,0x00000006c6918510,0x00000006c9280000)
 Metaspace       used 32405K, capacity 33714K, committed 34048K, reserved 1079296K
  class space    used 3702K, capacity 3973K, committed 4096K, reserved 1048576K
Event: 13.966 GC heap after
Heap after GC invocations=11 (full 1):
 PSYoungGen      total 316416K, used 24038K [0x000000076be00000, 0x0000000781980000, 0x00000007c0000000)
  eden space 292352K, 0% used [0x000000076be00000,0x000000076be00000,0x000000077db80000)
  from space 24064K, 99% used [0x000000077fa00000,0x0000000781179958,0x0000000781180000)
  to   space 31232K, 0% used [0x000000077db80000,0x000000077db80000,0x000000077fa00000)
 ParOldGen       total 90624K, used 60815K [0x00000006c3a00000, 0x00000006c9280000, 0x000000076be00000)
  object space 90624K, 67% used [0x00000006c3a00000,0x00000006c7563f08,0x00000006c9280000)
 Metaspace       used 32405K, capacity 33714K, committed 34048K, reserved 1079296K
  class space    used 3702K, capacity 3973K, committed 4096K, reserved 1048576K
}
Event: 14.768 GC heap before
{Heap before GC invocations=12 (full 1):
 PSYoungGen      total 316416K, used 113086K [0x000000076be00000, 0x0000000781980000, 0x00000007c0000000)
  eden space 292352K, 30% used [0x000000076be00000,0x00000007714f5f68,0x000000077db80000)
  from space 24064K, 99% used [0x000000077fa00000,0x0000000781179958,0x0000000781180000)
  to   space 31232K, 0% used [0x000000077db80000,0x000000077db80000,0x000000077fa00000)
 ParOldGen       total 90624K, used 60815K [0x00000006c3a00000, 0x00000006c9280000, 0x000000076be00000)
  object space 90624K, 67% used [0x00000006c3a00000,0x00000006c7563f08,0x00000006c9280000)
 Metaspace       used 33937K, capacity 35308K, committed 35456K, reserved 1081344K
  class space    used 3848K, capacity 4138K, committed 4224K, reserved 1048576K
Event: 16.804 GC heap after
Heap after GC invocations=12 (full 1):
 PSYoungGen      total 323584K, used 6894K [0x000000076be00000, 0x0000000781980000, 0x00000007c0000000)
  eden space 292352K, 0% used [0x000000076be00000,0x000000076be00000,0x000000077db80000)
  from space 31232K, 22% used [0x000000077db80000,0x000000077e23b9a0,0x000000077fa00000)
  to   space 24064K, 0% used [0x000000077fa00000,0x000000077fa00000,0x0000000781180000)
 ParOldGen       total 90624K, used 84519K [0x00000006c3a00000, 0x00000006c9280000, 0x000000076be00000)
  object space 90624K, 93% used [0x00000006c3a00000,0x00000006c8c89e98,0x00000006c9280000)
 Metaspace       used 33937K, capacity 35308K, committed 35456K, reserved 1081344K
  class space    used 3848K, capacity 4138K, committed 4224K, reserved 1048576K
}
Event: 16.804 GC heap before
{Heap before GC invocations=13 (full 2):
 PSYoungGen      total 323584K, used 6894K [0x000000076be00000, 0x0000000781980000, 0x00000007c0000000)
  eden space 292352K, 0% used [0x000000076be00000,0x000000076be00000,0x000000077db80000)
  from space 31232K, 22% used [0x000000077db80000,0x000000077e23b9a0,0x000000077fa00000)
  to   space 24064K, 0% used [0x000000077fa00000,0x000000077fa00000,0x0000000781180000)
 ParOldGen       total 90624K, used 84519K [0x00000006c3a00000, 0x00000006c9280000, 0x000000076be00000)
  object space 90624K, 93% used [0x00000006c3a00000,0x00000006c8c89e98,0x00000006c9280000)
 Metaspace       used 33937K, capacity 35308K, committed 35456K, reserved 1081344K
  class space    used 3848K, capacity 4138K, committed 4224K, reserved 1048576K
Event: 16.870 GC heap after
Heap after GC invocations=13 (full 2):
 PSYoungGen      total 323584K, used 0K [0x000000076be00000, 0x0000000781980000, 0x00000007c0000000)
  eden space 292352K, 0% used [0x000000076be00000,0x000000076be00000,0x000000077db80000)
  from space 31232K, 0% used [0x000000077db80000,0x000000077db80000,0x000000077fa00000)
  to   space 24064K, 0% used [0x000000077fa00000,0x000000077fa00000,0x0000000781180000)
 ParOldGen       total 165888K, used 40417K [0x00000006c3a00000, 0x00000006cdc00000, 0x000000076be00000)
  object space 165888K, 24% used [0x00000006c3a00000,0x00000006c6178608,0x00000006cdc00000)
 Metaspace       used 30859K, capacity 32040K, committed 35456K, reserved 1081344K
  class space    used 3488K, capacity 3754K, committed 4224K, reserved 1048576K
}

